<?xml version="1.0" encoding="UTF-8"?>
<!-- Generated by org.testng.reporters.JUnitReportReporter -->
<testsuite skipped="0" hostname="VishalKumar-Ja" name="Testcases.Loginapplication" tests="1" failures="0" timestamp="03 Aug 2020 10:05:47 GMT" time="20.789" errors="0">
  <testcase name="Login" time="20.789" classname="Testcases.Loginapplication"/>
</testsuite> <!-- Testcases.Loginapplication -->
